C:\USERS\SARAH\DOCUMENTS\SPRING 14\MINE SWEEPER\MINE SWEEPER\DEBUG\SOURCE.OBJ
C:\USERS\SARAH\DOCUMENTS\SPRING 14\MINE SWEEPER\MINE SWEEPER\DEBUG\VC110.PDB
C:\USERS\SARAH\DOCUMENTS\SPRING 14\MINE SWEEPER\DEBUG\MINE SWEEPER.ILK
C:\USERS\SARAH\DOCUMENTS\SPRING 14\MINE SWEEPER\DEBUG\MINE SWEEPER.EXE
C:\USERS\SARAH\DOCUMENTS\SPRING 14\MINE SWEEPER\DEBUG\MINE SWEEPER.PDB
C:\Users\Sarah\Documents\Spring 14\Mine Sweeper\Mine Sweeper\Debug\Source.obj
C:\Users\Sarah\Documents\Spring 14\Mine Sweeper\Mine Sweeper\Debug\cl.command.1.tlog
C:\Users\Sarah\Documents\Spring 14\Mine Sweeper\Mine Sweeper\Debug\CL.read.1.tlog
C:\Users\Sarah\Documents\Spring 14\Mine Sweeper\Mine Sweeper\Debug\CL.write.1.tlog
C:\Users\Sarah\Documents\Spring 14\Mine Sweeper\Mine Sweeper\Debug\link-cvtres.read.1.tlog
C:\Users\Sarah\Documents\Spring 14\Mine Sweeper\Mine Sweeper\Debug\link-cvtres.write.1.tlog
C:\Users\Sarah\Documents\Spring 14\Mine Sweeper\Mine Sweeper\Debug\link-rc.read.1.tlog
C:\Users\Sarah\Documents\Spring 14\Mine Sweeper\Mine Sweeper\Debug\link-rc.write.1.tlog
C:\Users\Sarah\Documents\Spring 14\Mine Sweeper\Mine Sweeper\Debug\link.5496-cvtres.read.1.tlog
C:\Users\Sarah\Documents\Spring 14\Mine Sweeper\Mine Sweeper\Debug\link.5496-cvtres.write.1.tlog
C:\Users\Sarah\Documents\Spring 14\Mine Sweeper\Mine Sweeper\Debug\link.5496-rc.read.1.tlog
C:\Users\Sarah\Documents\Spring 14\Mine Sweeper\Mine Sweeper\Debug\link.5496-rc.write.1.tlog
C:\Users\Sarah\Documents\Spring 14\Mine Sweeper\Mine Sweeper\Debug\link.5496.read.1.tlog
C:\Users\Sarah\Documents\Spring 14\Mine Sweeper\Mine Sweeper\Debug\link.5496.write.1.tlog
C:\Users\Sarah\Documents\Spring 14\Mine Sweeper\Mine Sweeper\Debug\link.6372-cvtres.read.1.tlog
C:\Users\Sarah\Documents\Spring 14\Mine Sweeper\Mine Sweeper\Debug\link.6372-cvtres.write.1.tlog
C:\Users\Sarah\Documents\Spring 14\Mine Sweeper\Mine Sweeper\Debug\link.6372-rc.read.1.tlog
C:\Users\Sarah\Documents\Spring 14\Mine Sweeper\Mine Sweeper\Debug\link.6372-rc.write.1.tlog
C:\Users\Sarah\Documents\Spring 14\Mine Sweeper\Mine Sweeper\Debug\link.6372.read.1.tlog
C:\Users\Sarah\Documents\Spring 14\Mine Sweeper\Mine Sweeper\Debug\link.6372.write.1.tlog
C:\Users\Sarah\Documents\Spring 14\Mine Sweeper\Mine Sweeper\Debug\link.command.1.tlog
C:\Users\Sarah\Documents\Spring 14\Mine Sweeper\Mine Sweeper\Debug\link.read.1.tlog
C:\Users\Sarah\Documents\Spring 14\Mine Sweeper\Mine Sweeper\Debug\link.write.1.tlog
C:\Users\Sarah\Documents\Spring 14\Mine Sweeper\Mine Sweeper\Debug\vc110.idb
C:\Users\Sarah\Documents\Spring 14\Mine Sweeper\Mine Sweeper\Debug\vc110.pdb
C:\Users\Sarah\Documents\Spring 14\Mine Sweeper\Debug\Mine Sweeper.pdb
C:\Users\Sarah\Documents\Spring 14\Mine Sweeper\Debug\Mine Sweeper.exe
C:\Users\Sarah\Documents\Spring 14\Mine Sweeper\Debug\Mine Sweeper.ilk
